<?xml version="1.0" encoding="UTF-8"?>
<testsuite xmlns:xsi="http://www.w3.org/2001/XMLSchema-instance" xsi:noNamespaceSchemaLocation="https://maven.apache.org/surefire/maven-surefire-plugin/xsd/surefire-test-report.xsd" name="io.intake.ayhan.knowledge.KnowledgeServiceTest" time="0.061" tests="3" errors="0" skipped="0" failures="0">
  <properties>
    <property name="java.specification.version" value="17"/>
    <property name="sun.jnu.encoding" value="UTF-8"/>
    <property name="java.class.path" value="/home/ayhan/projects/others/Jobs/io/knowledge/target/test-classes:/home/ayhan/projects/others/Jobs/io/knowledge/target/classes:/home/ayhan/.m2/repository/org/springframework/boot/spring-boot-starter-data-jpa/3.0.0/spring-boot-starter-data-jpa-3.0.0.jar:/home/ayhan/.m2/repository/org/springframework/boot/spring-boot-starter-aop/3.0.0/spring-boot-starter-aop-3.0.0.jar:/home/ayhan/.m2/repository/org/aspectj/aspectjweaver/1.9.9.1/aspectjweaver-1.9.9.1.jar:/home/ayhan/.m2/repository/org/springframework/boot/spring-boot-starter-jdbc/3.0.0/spring-boot-starter-jdbc-3.0.0.jar:/home/ayhan/.m2/repository/com/zaxxer/HikariCP/5.0.1/HikariCP-5.0.1.jar:/home/ayhan/.m2/repository/org/springframework/spring-jdbc/6.0.2/spring-jdbc-6.0.2.jar:/home/ayhan/.m2/repository/org/hibernate/orm/hibernate-core/6.1.5.Final/hibernate-core-6.1.5.Final.jar:/home/ayhan/.m2/repository/jakarta/persistence/jakarta.persistence-api/3.1.0/jakarta.persistence-api-3.1.0.jar:/home/ayhan/.m2/repository/jakarta/transaction/jakarta.transaction-api/2.0.1/jakarta.transaction-api-2.0.1.jar:/home/ayhan/.m2/repository/org/jboss/logging/jboss-logging/3.5.0.Final/jboss-logging-3.5.0.Final.jar:/home/ayhan/.m2/repository/org/hibernate/common/hibernate-commons-annotations/6.0.2.Final/hibernate-commons-annotations-6.0.2.Final.jar:/home/ayhan/.m2/repository/org/jboss/jandex/2.4.2.Final/jandex-2.4.2.Final.jar:/home/ayhan/.m2/repository/com/fasterxml/classmate/1.5.1/classmate-1.5.1.jar:/home/ayhan/.m2/repository/net/bytebuddy/byte-buddy/1.12.19/byte-buddy-1.12.19.jar:/home/ayhan/.m2/repository/org/glassfish/jaxb/jaxb-runtime/4.0.1/jaxb-runtime-4.0.1.jar:/home/ayhan/.m2/repository/org/glassfish/jaxb/jaxb-core/4.0.1/jaxb-core-4.0.1.jar:/home/ayhan/.m2/repository/org/eclipse/angus/angus-activation/1.0.0/angus-activation-1.0.0.jar:/home/ayhan/.m2/repository/org/glassfish/jaxb/txw2/4.0.1/txw2-4.0.1.jar:/home/ayhan/.m2/repository/com/sun/istack/istack-commons-runtime/4.1.1/istack-commons-runtime-4.1.1.jar:/home/ayhan/.m2/repository/jakarta/inject/jakarta.inject-api/2.0.0/jakarta.inject-api-2.0.0.jar:/home/ayhan/.m2/repository/org/antlr/antlr4-runtime/4.10.1/antlr4-runtime-4.10.1.jar:/home/ayhan/.m2/repository/org/springframework/data/spring-data-jpa/3.0.0/spring-data-jpa-3.0.0.jar:/home/ayhan/.m2/repository/org/springframework/data/spring-data-commons/3.0.0/spring-data-commons-3.0.0.jar:/home/ayhan/.m2/repository/org/springframework/spring-orm/6.0.2/spring-orm-6.0.2.jar:/home/ayhan/.m2/repository/org/springframework/spring-context/6.0.2/spring-context-6.0.2.jar:/home/ayhan/.m2/repository/org/springframework/spring-tx/6.0.2/spring-tx-6.0.2.jar:/home/ayhan/.m2/repository/org/springframework/spring-beans/6.0.2/spring-beans-6.0.2.jar:/home/ayhan/.m2/repository/jakarta/annotation/jakarta.annotation-api/2.1.1/jakarta.annotation-api-2.1.1.jar:/home/ayhan/.m2/repository/org/slf4j/slf4j-api/2.0.4/slf4j-api-2.0.4.jar:/home/ayhan/.m2/repository/org/springframework/spring-aspects/6.0.2/spring-aspects-6.0.2.jar:/home/ayhan/.m2/repository/org/springframework/boot/spring-boot-starter-web/3.0.0/spring-boot-starter-web-3.0.0.jar:/home/ayhan/.m2/repository/org/springframework/boot/spring-boot-starter/3.0.0/spring-boot-starter-3.0.0.jar:/home/ayhan/.m2/repository/org/springframework/boot/spring-boot/3.0.0/spring-boot-3.0.0.jar:/home/ayhan/.m2/repository/org/springframework/boot/spring-boot-autoconfigure/3.0.0/spring-boot-autoconfigure-3.0.0.jar:/home/ayhan/.m2/repository/org/springframework/boot/spring-boot-starter-logging/3.0.0/spring-boot-starter-logging-3.0.0.jar:/home/ayhan/.m2/repository/ch/qos/logback/logback-classic/1.4.5/logback-classic-1.4.5.jar:/home/ayhan/.m2/repository/ch/qos/logback/logback-core/1.4.5/logback-core-1.4.5.jar:/home/ayhan/.m2/repository/org/apache/logging/log4j/log4j-to-slf4j/2.19.0/log4j-to-slf4j-2.19.0.jar:/home/ayhan/.m2/repository/org/apache/logging/log4j/log4j-api/2.19.0/log4j-api-2.19.0.jar:/home/ayhan/.m2/repository/org/slf4j/jul-to-slf4j/2.0.4/jul-to-slf4j-2.0.4.jar:/home/ayhan/.m2/repository/org/yaml/snakeyaml/1.33/snakeyaml-1.33.jar:/home/ayhan/.m2/repository/org/springframework/boot/spring-boot-starter-json/3.0.0/spring-boot-starter-json-3.0.0.jar:/home/ayhan/.m2/repository/com/fasterxml/jackson/core/jackson-databind/2.14.1/jackson-databind-2.14.1.jar:/home/ayhan/.m2/repository/com/fasterxml/jackson/core/jackson-annotations/2.14.1/jackson-annotations-2.14.1.jar:/home/ayhan/.m2/repository/com/fasterxml/jackson/datatype/jackson-datatype-jdk8/2.14.1/jackson-datatype-jdk8-2.14.1.jar:/home/ayhan/.m2/repository/com/fasterxml/jackson/datatype/jackson-datatype-jsr310/2.14.1/jackson-datatype-jsr310-2.14.1.jar:/home/ayhan/.m2/repository/com/fasterxml/jackson/module/jackson-module-parameter-names/2.14.1/jackson-module-parameter-names-2.14.1.jar:/home/ayhan/.m2/repository/org/springframework/boot/spring-boot-starter-tomcat/3.0.0/spring-boot-starter-tomcat-3.0.0.jar:/home/ayhan/.m2/repository/org/apache/tomcat/embed/tomcat-embed-core/10.1.1/tomcat-embed-core-10.1.1.jar:/home/ayhan/.m2/repository/org/apache/tomcat/embed/tomcat-embed-websocket/10.1.1/tomcat-embed-websocket-10.1.1.jar:/home/ayhan/.m2/repository/org/springframework/spring-web/6.0.2/spring-web-6.0.2.jar:/home/ayhan/.m2/repository/io/micrometer/micrometer-observation/1.10.2/micrometer-observation-1.10.2.jar:/home/ayhan/.m2/repository/io/micrometer/micrometer-commons/1.10.2/micrometer-commons-1.10.2.jar:/home/ayhan/.m2/repository/org/springframework/spring-webmvc/6.0.2/spring-webmvc-6.0.2.jar:/home/ayhan/.m2/repository/org/springframework/spring-expression/6.0.2/spring-expression-6.0.2.jar:/home/ayhan/.m2/repository/org/postgresql/postgresql/42.5.1/postgresql-42.5.1.jar:/home/ayhan/.m2/repository/org/checkerframework/checker-qual/3.5.0/checker-qual-3.5.0.jar:/home/ayhan/.m2/repository/org/springframework/boot/spring-boot-starter-security/3.0.0/spring-boot-starter-security-3.0.0.jar:/home/ayhan/.m2/repository/org/springframework/spring-aop/6.0.2/spring-aop-6.0.2.jar:/home/ayhan/.m2/repository/org/springframework/security/spring-security-config/6.0.0/spring-security-config-6.0.0.jar:/home/ayhan/.m2/repository/org/springframework/security/spring-security-web/6.0.0/spring-security-web-6.0.0.jar:/home/ayhan/.m2/repository/org/springframework/boot/spring-boot-starter-oauth2-client/3.0.0/spring-boot-starter-oauth2-client-3.0.0.jar:/home/ayhan/.m2/repository/org/springframework/security/spring-security-core/6.0.0/spring-security-core-6.0.0.jar:/home/ayhan/.m2/repository/org/springframework/security/spring-security-crypto/6.0.0/spring-security-crypto-6.0.0.jar:/home/ayhan/.m2/repository/org/springframework/security/spring-security-oauth2-client/6.0.0/spring-security-oauth2-client-6.0.0.jar:/home/ayhan/.m2/repository/org/springframework/security/spring-security-oauth2-core/6.0.0/spring-security-oauth2-core-6.0.0.jar:/home/ayhan/.m2/repository/com/nimbusds/oauth2-oidc-sdk/9.43.1/oauth2-oidc-sdk-9.43.1.jar:/home/ayhan/.m2/repository/com/github/stephenc/jcip/jcip-annotations/1.0-1/jcip-annotations-1.0-1.jar:/home/ayhan/.m2/repository/com/nimbusds/content-type/2.2/content-type-2.2.jar:/home/ayhan/.m2/repository/com/nimbusds/lang-tag/1.7/lang-tag-1.7.jar:/home/ayhan/.m2/repository/org/springframework/security/spring-security-oauth2-jose/6.0.0/spring-security-oauth2-jose-6.0.0.jar:/home/ayhan/.m2/repository/com/nimbusds/nimbus-jose-jwt/9.24.4/nimbus-jose-jwt-9.24.4.jar:/home/ayhan/.m2/repository/org/springframework/boot/spring-boot-starter-oauth2-resource-server/3.0.0/spring-boot-starter-oauth2-resource-server-3.0.0.jar:/home/ayhan/.m2/repository/org/springframework/security/spring-security-oauth2-resource-server/6.0.0/spring-security-oauth2-resource-server-6.0.0.jar:/home/ayhan/.m2/repository/org/springframework/boot/spring-boot-starter-validation/3.0.0/spring-boot-starter-validation-3.0.0.jar:/home/ayhan/.m2/repository/org/apache/tomcat/embed/tomcat-embed-el/10.1.1/tomcat-embed-el-10.1.1.jar:/home/ayhan/.m2/repository/org/hibernate/validator/hibernate-validator/8.0.0.Final/hibernate-validator-8.0.0.Final.jar:/home/ayhan/.m2/repository/jakarta/validation/jakarta.validation-api/3.0.2/jakarta.validation-api-3.0.2.jar:/home/ayhan/.m2/repository/org/flywaydb/flyway-core/9.10.1/flyway-core-9.10.1.jar:/home/ayhan/.m2/repository/com/fasterxml/jackson/dataformat/jackson-dataformat-toml/2.14.1/jackson-dataformat-toml-2.14.1.jar:/home/ayhan/.m2/repository/com/fasterxml/jackson/core/jackson-core/2.14.1/jackson-core-2.14.1.jar:/home/ayhan/.m2/repository/com/google/cloud/google-cloud-secretmanager/2.3.10/google-cloud-secretmanager-2.3.10.jar:/home/ayhan/.m2/repository/io/grpc/grpc-api/1.49.2/grpc-api-1.49.2.jar:/home/ayhan/.m2/repository/io/grpc/grpc-context/1.49.2/grpc-context-1.49.2.jar:/home/ayhan/.m2/repository/com/google/code/findbugs/jsr305/3.0.2/jsr305-3.0.2.jar:/home/ayhan/.m2/repository/com/google/errorprone/error_prone_annotations/2.15.0/error_prone_annotations-2.15.0.jar:/home/ayhan/.m2/repository/io/grpc/grpc-stub/1.49.2/grpc-stub-1.49.2.jar:/home/ayhan/.m2/repository/io/grpc/grpc-protobuf/1.49.2/grpc-protobuf-1.49.2.jar:/home/ayhan/.m2/repository/io/grpc/grpc-protobuf-lite/1.49.2/grpc-protobuf-lite-1.49.2.jar:/home/ayhan/.m2/repository/com/google/api/api-common/2.2.1/api-common-2.2.1.jar:/home/ayhan/.m2/repository/javax/annotation/javax.annotation-api/1.3.2/javax.annotation-api-1.3.2.jar:/home/ayhan/.m2/repository/com/google/auto/value/auto-value-annotations/1.9/auto-value-annotations-1.9.jar:/home/ayhan/.m2/repository/com/google/protobuf/protobuf-java/3.21.7/protobuf-java-3.21.7.jar:/home/ayhan/.m2/repository/com/google/api/grpc/proto-google-common-protos/2.9.6/proto-google-common-protos-2.9.6.jar:/home/ayhan/.m2/repository/com/google/api/grpc/proto-google-iam-v1/1.6.2/proto-google-iam-v1-1.6.2.jar:/home/ayhan/.m2/repository/com/google/api/grpc/proto-google-cloud-secretmanager-v1/2.3.10/proto-google-cloud-secretmanager-v1-2.3.10.jar:/home/ayhan/.m2/repository/com/google/api/grpc/proto-google-cloud-secretmanager-v1beta1/2.3.10/proto-google-cloud-secretmanager-v1beta1-2.3.10.jar:/home/ayhan/.m2/repository/com/google/guava/guava/31.1-jre/guava-31.1-jre.jar:/home/ayhan/.m2/repository/com/google/guava/failureaccess/1.0.1/failureaccess-1.0.1.jar:/home/ayhan/.m2/repository/com/google/guava/listenablefuture/9999.0-empty-to-avoid-conflict-with-guava/listenablefuture-9999.0-empty-to-avoid-conflict-with-guava.jar:/home/ayhan/.m2/repository/com/google/j2objc/j2objc-annotations/1.3/j2objc-annotations-1.3.jar:/home/ayhan/.m2/repository/com/google/api/gax/2.19.2/gax-2.19.2.jar:/home/ayhan/.m2/repository/com/google/auth/google-auth-library-credentials/1.11.0/google-auth-library-credentials-1.11.0.jar:/home/ayhan/.m2/repository/com/google/auth/google-auth-library-oauth2-http/1.11.0/google-auth-library-oauth2-http-1.11.0.jar:/home/ayhan/.m2/repository/com/google/api/gax-grpc/2.19.2/gax-grpc-2.19.2.jar:/home/ayhan/.m2/repository/io/grpc/grpc-alts/1.49.2/grpc-alts-1.49.2.jar:/home/ayhan/.m2/repository/io/grpc/grpc-grpclb/1.49.2/grpc-grpclb-1.49.2.jar:/home/ayhan/.m2/repository/org/conscrypt/conscrypt-openjdk-uber/2.5.2/conscrypt-openjdk-uber-2.5.2.jar:/home/ayhan/.m2/repository/io/grpc/grpc-auth/1.49.2/grpc-auth-1.49.2.jar:/home/ayhan/.m2/repository/io/grpc/grpc-netty-shaded/1.49.2/grpc-netty-shaded-1.49.2.jar:/home/ayhan/.m2/repository/io/perfmark/perfmark-api/0.25.0/perfmark-api-0.25.0.jar:/home/ayhan/.m2/repository/io/grpc/grpc-core/1.49.2/grpc-core-1.49.2.jar:/home/ayhan/.m2/repository/com/google/android/annotations/4.1.1.4/annotations-4.1.1.4.jar:/home/ayhan/.m2/repository/org/codehaus/mojo/animal-sniffer-annotations/1.22/animal-sniffer-annotations-1.22.jar:/home/ayhan/.m2/repository/io/grpc/grpc-googleapis/1.49.2/grpc-googleapis-1.49.2.jar:/home/ayhan/.m2/repository/io/grpc/grpc-xds/1.49.2/grpc-xds-1.49.2.jar:/home/ayhan/.m2/repository/io/opencensus/opencensus-proto/0.2.0/opencensus-proto-0.2.0.jar:/home/ayhan/.m2/repository/io/grpc/grpc-services/1.49.2/grpc-services-1.49.2.jar:/home/ayhan/.m2/repository/com/google/re2j/re2j/1.6/re2j-1.6.jar:/home/ayhan/.m2/repository/com/google/api/gax-httpjson/0.104.2/gax-httpjson-0.104.2.jar:/home/ayhan/.m2/repository/com/google/code/gson/gson/2.9.1/gson-2.9.1.jar:/home/ayhan/.m2/repository/com/google/http-client/google-http-client/1.42.2/google-http-client-1.42.2.jar:/home/ayhan/.m2/repository/org/apache/httpcomponents/httpclient/4.5.13/httpclient-4.5.13.jar:/home/ayhan/.m2/repository/commons-logging/commons-logging/1.2/commons-logging-1.2.jar:/home/ayhan/.m2/repository/commons-codec/commons-codec/1.15/commons-codec-1.15.jar:/home/ayhan/.m2/repository/org/apache/httpcomponents/httpcore/4.4.15/httpcore-4.4.15.jar:/home/ayhan/.m2/repository/io/opencensus/opencensus-api/0.31.1/opencensus-api-0.31.1.jar:/home/ayhan/.m2/repository/io/opencensus/opencensus-contrib-http-util/0.31.1/opencensus-contrib-http-util-0.31.1.jar:/home/ayhan/.m2/repository/com/google/http-client/google-http-client-gson/1.42.2/google-http-client-gson-1.42.2.jar:/home/ayhan/.m2/repository/com/google/protobuf/protobuf-java-util/3.21.7/protobuf-java-util-3.21.7.jar:/home/ayhan/.m2/repository/org/threeten/threetenbp/1.6.2/threetenbp-1.6.2.jar:/home/ayhan/.m2/repository/org/projectlombok/lombok/1.18.24/lombok-1.18.24.jar:/home/ayhan/.m2/repository/org/springframework/boot/spring-boot-starter-test/3.0.0/spring-boot-starter-test-3.0.0.jar:/home/ayhan/.m2/repository/org/springframework/boot/spring-boot-test/3.0.0/spring-boot-test-3.0.0.jar:/home/ayhan/.m2/repository/org/springframework/boot/spring-boot-test-autoconfigure/3.0.0/spring-boot-test-autoconfigure-3.0.0.jar:/home/ayhan/.m2/repository/com/jayway/jsonpath/json-path/2.7.0/json-path-2.7.0.jar:/home/ayhan/.m2/repository/net/minidev/json-smart/2.4.8/json-smart-2.4.8.jar:/home/ayhan/.m2/repository/net/minidev/accessors-smart/2.4.8/accessors-smart-2.4.8.jar:/home/ayhan/.m2/repository/org/ow2/asm/asm/9.1/asm-9.1.jar:/home/ayhan/.m2/repository/jakarta/xml/bind/jakarta.xml.bind-api/4.0.0/jakarta.xml.bind-api-4.0.0.jar:/home/ayhan/.m2/repository/jakarta/activation/jakarta.activation-api/2.1.0/jakarta.activation-api-2.1.0.jar:/home/ayhan/.m2/repository/org/assertj/assertj-core/3.23.1/assertj-core-3.23.1.jar:/home/ayhan/.m2/repository/org/hamcrest/hamcrest/2.2/hamcrest-2.2.jar:/home/ayhan/.m2/repository/org/junit/jupiter/junit-jupiter/5.9.1/junit-jupiter-5.9.1.jar:/home/ayhan/.m2/repository/org/junit/jupiter/junit-jupiter-api/5.9.1/junit-jupiter-api-5.9.1.jar:/home/ayhan/.m2/repository/org/opentest4j/opentest4j/1.2.0/opentest4j-1.2.0.jar:/home/ayhan/.m2/repository/org/junit/platform/junit-platform-commons/1.9.1/junit-platform-commons-1.9.1.jar:/home/ayhan/.m2/repository/org/apiguardian/apiguardian-api/1.1.2/apiguardian-api-1.1.2.jar:/home/ayhan/.m2/repository/org/junit/jupiter/junit-jupiter-params/5.9.1/junit-jupiter-params-5.9.1.jar:/home/ayhan/.m2/repository/org/junit/jupiter/junit-jupiter-engine/5.9.1/junit-jupiter-engine-5.9.1.jar:/home/ayhan/.m2/repository/org/junit/platform/junit-platform-engine/1.9.1/junit-platform-engine-1.9.1.jar:/home/ayhan/.m2/repository/org/mockito/mockito-core/4.8.1/mockito-core-4.8.1.jar:/home/ayhan/.m2/repository/net/bytebuddy/byte-buddy-agent/1.12.19/byte-buddy-agent-1.12.19.jar:/home/ayhan/.m2/repository/org/objenesis/objenesis/3.2/objenesis-3.2.jar:/home/ayhan/.m2/repository/org/mockito/mockito-junit-jupiter/4.8.1/mockito-junit-jupiter-4.8.1.jar:/home/ayhan/.m2/repository/org/skyscreamer/jsonassert/1.5.1/jsonassert-1.5.1.jar:/home/ayhan/.m2/repository/com/vaadin/external/google/android-json/0.0.20131108.vaadin1/android-json-0.0.20131108.vaadin1.jar:/home/ayhan/.m2/repository/org/springframework/spring-core/6.0.2/spring-core-6.0.2.jar:/home/ayhan/.m2/repository/org/springframework/spring-jcl/6.0.2/spring-jcl-6.0.2.jar:/home/ayhan/.m2/repository/org/springframework/spring-test/6.0.2/spring-test-6.0.2.jar:/home/ayhan/.m2/repository/org/xmlunit/xmlunit-core/2.9.0/xmlunit-core-2.9.0.jar:/home/ayhan/.m2/repository/org/springframework/security/spring-security-test/6.0.0/spring-security-test-6.0.0.jar:/home/ayhan/.m2/repository/com/h2database/h2/2.1.214/h2-2.1.214.jar:"/>
    <property name="java.vm.vendor" value="Oracle Corporation"/>
    <property name="sun.arch.data.model" value="64"/>
    <property name="java.vendor.url" value="https://java.oracle.com/"/>
    <property name="os.name" value="Linux"/>
    <property name="java.vm.specification.version" value="17"/>
    <property name="sun.java.launcher" value="SUN_STANDARD"/>
    <property name="user.country" value="US"/>
    <property name="sun.boot.library.path" value="/home/ayhan/.sdkman/candidates/java/17.0.5-oracle/lib"/>
    <property name="sun.java.command" value="/home/ayhan/projects/others/Jobs/io/knowledge/target/surefire/surefirebooter9109822126152883705.jar /home/ayhan/projects/others/Jobs/io/knowledge/target/surefire 2023-02-23T01-51-46_891-jvmRun1 surefire15250249657167318125tmp surefire_02285667288839794193tmp"/>
    <property name="jdk.debug" value="release"/>
    <property name="surefire.test.class.path" value="/home/ayhan/projects/others/Jobs/io/knowledge/target/test-classes:/home/ayhan/projects/others/Jobs/io/knowledge/target/classes:/home/ayhan/.m2/repository/org/springframework/boot/spring-boot-starter-data-jpa/3.0.0/spring-boot-starter-data-jpa-3.0.0.jar:/home/ayhan/.m2/repository/org/springframework/boot/spring-boot-starter-aop/3.0.0/spring-boot-starter-aop-3.0.0.jar:/home/ayhan/.m2/repository/org/aspectj/aspectjweaver/1.9.9.1/aspectjweaver-1.9.9.1.jar:/home/ayhan/.m2/repository/org/springframework/boot/spring-boot-starter-jdbc/3.0.0/spring-boot-starter-jdbc-3.0.0.jar:/home/ayhan/.m2/repository/com/zaxxer/HikariCP/5.0.1/HikariCP-5.0.1.jar:/home/ayhan/.m2/repository/org/springframework/spring-jdbc/6.0.2/spring-jdbc-6.0.2.jar:/home/ayhan/.m2/repository/org/hibernate/orm/hibernate-core/6.1.5.Final/hibernate-core-6.1.5.Final.jar:/home/ayhan/.m2/repository/jakarta/persistence/jakarta.persistence-api/3.1.0/jakarta.persistence-api-3.1.0.jar:/home/ayhan/.m2/repository/jakarta/transaction/jakarta.transaction-api/2.0.1/jakarta.transaction-api-2.0.1.jar:/home/ayhan/.m2/repository/org/jboss/logging/jboss-logging/3.5.0.Final/jboss-logging-3.5.0.Final.jar:/home/ayhan/.m2/repository/org/hibernate/common/hibernate-commons-annotations/6.0.2.Final/hibernate-commons-annotations-6.0.2.Final.jar:/home/ayhan/.m2/repository/org/jboss/jandex/2.4.2.Final/jandex-2.4.2.Final.jar:/home/ayhan/.m2/repository/com/fasterxml/classmate/1.5.1/classmate-1.5.1.jar:/home/ayhan/.m2/repository/net/bytebuddy/byte-buddy/1.12.19/byte-buddy-1.12.19.jar:/home/ayhan/.m2/repository/org/glassfish/jaxb/jaxb-runtime/4.0.1/jaxb-runtime-4.0.1.jar:/home/ayhan/.m2/repository/org/glassfish/jaxb/jaxb-core/4.0.1/jaxb-core-4.0.1.jar:/home/ayhan/.m2/repository/org/eclipse/angus/angus-activation/1.0.0/angus-activation-1.0.0.jar:/home/ayhan/.m2/repository/org/glassfish/jaxb/txw2/4.0.1/txw2-4.0.1.jar:/home/ayhan/.m2/repository/com/sun/istack/istack-commons-runtime/4.1.1/istack-commons-runtime-4.1.1.jar:/home/ayhan/.m2/repository/jakarta/inject/jakarta.inject-api/2.0.0/jakarta.inject-api-2.0.0.jar:/home/ayhan/.m2/repository/org/antlr/antlr4-runtime/4.10.1/antlr4-runtime-4.10.1.jar:/home/ayhan/.m2/repository/org/springframework/data/spring-data-jpa/3.0.0/spring-data-jpa-3.0.0.jar:/home/ayhan/.m2/repository/org/springframework/data/spring-data-commons/3.0.0/spring-data-commons-3.0.0.jar:/home/ayhan/.m2/repository/org/springframework/spring-orm/6.0.2/spring-orm-6.0.2.jar:/home/ayhan/.m2/repository/org/springframework/spring-context/6.0.2/spring-context-6.0.2.jar:/home/ayhan/.m2/repository/org/springframework/spring-tx/6.0.2/spring-tx-6.0.2.jar:/home/ayhan/.m2/repository/org/springframework/spring-beans/6.0.2/spring-beans-6.0.2.jar:/home/ayhan/.m2/repository/jakarta/annotation/jakarta.annotation-api/2.1.1/jakarta.annotation-api-2.1.1.jar:/home/ayhan/.m2/repository/org/slf4j/slf4j-api/2.0.4/slf4j-api-2.0.4.jar:/home/ayhan/.m2/repository/org/springframework/spring-aspects/6.0.2/spring-aspects-6.0.2.jar:/home/ayhan/.m2/repository/org/springframework/boot/spring-boot-starter-web/3.0.0/spring-boot-starter-web-3.0.0.jar:/home/ayhan/.m2/repository/org/springframework/boot/spring-boot-starter/3.0.0/spring-boot-starter-3.0.0.jar:/home/ayhan/.m2/repository/org/springframework/boot/spring-boot/3.0.0/spring-boot-3.0.0.jar:/home/ayhan/.m2/repository/org/springframework/boot/spring-boot-autoconfigure/3.0.0/spring-boot-autoconfigure-3.0.0.jar:/home/ayhan/.m2/repository/org/springframework/boot/spring-boot-starter-logging/3.0.0/spring-boot-starter-logging-3.0.0.jar:/home/ayhan/.m2/repository/ch/qos/logback/logback-classic/1.4.5/logback-classic-1.4.5.jar:/home/ayhan/.m2/repository/ch/qos/logback/logback-core/1.4.5/logback-core-1.4.5.jar:/home/ayhan/.m2/repository/org/apache/logging/log4j/log4j-to-slf4j/2.19.0/log4j-to-slf4j-2.19.0.jar:/home/ayhan/.m2/repository/org/apache/logging/log4j/log4j-api/2.19.0/log4j-api-2.19.0.jar:/home/ayhan/.m2/repository/org/slf4j/jul-to-slf4j/2.0.4/jul-to-slf4j-2.0.4.jar:/home/ayhan/.m2/repository/org/yaml/snakeyaml/1.33/snakeyaml-1.33.jar:/home/ayhan/.m2/repository/org/springframework/boot/spring-boot-starter-json/3.0.0/spring-boot-starter-json-3.0.0.jar:/home/ayhan/.m2/repository/com/fasterxml/jackson/core/jackson-databind/2.14.1/jackson-databind-2.14.1.jar:/home/ayhan/.m2/repository/com/fasterxml/jackson/core/jackson-annotations/2.14.1/jackson-annotations-2.14.1.jar:/home/ayhan/.m2/repository/com/fasterxml/jackson/datatype/jackson-datatype-jdk8/2.14.1/jackson-datatype-jdk8-2.14.1.jar:/home/ayhan/.m2/repository/com/fasterxml/jackson/datatype/jackson-datatype-jsr310/2.14.1/jackson-datatype-jsr310-2.14.1.jar:/home/ayhan/.m2/repository/com/fasterxml/jackson/module/jackson-module-parameter-names/2.14.1/jackson-module-parameter-names-2.14.1.jar:/home/ayhan/.m2/repository/org/springframework/boot/spring-boot-starter-tomcat/3.0.0/spring-boot-starter-tomcat-3.0.0.jar:/home/ayhan/.m2/repository/org/apache/tomcat/embed/tomcat-embed-core/10.1.1/tomcat-embed-core-10.1.1.jar:/home/ayhan/.m2/repository/org/apache/tomcat/embed/tomcat-embed-websocket/10.1.1/tomcat-embed-websocket-10.1.1.jar:/home/ayhan/.m2/repository/org/springframework/spring-web/6.0.2/spring-web-6.0.2.jar:/home/ayhan/.m2/repository/io/micrometer/micrometer-observation/1.10.2/micrometer-observation-1.10.2.jar:/home/ayhan/.m2/repository/io/micrometer/micrometer-commons/1.10.2/micrometer-commons-1.10.2.jar:/home/ayhan/.m2/repository/org/springframework/spring-webmvc/6.0.2/spring-webmvc-6.0.2.jar:/home/ayhan/.m2/repository/org/springframework/spring-expression/6.0.2/spring-expression-6.0.2.jar:/home/ayhan/.m2/repository/org/postgresql/postgresql/42.5.1/postgresql-42.5.1.jar:/home/ayhan/.m2/repository/org/checkerframework/checker-qual/3.5.0/checker-qual-3.5.0.jar:/home/ayhan/.m2/repository/org/springframework/boot/spring-boot-starter-security/3.0.0/spring-boot-starter-security-3.0.0.jar:/home/ayhan/.m2/repository/org/springframework/spring-aop/6.0.2/spring-aop-6.0.2.jar:/home/ayhan/.m2/repository/org/springframework/security/spring-security-config/6.0.0/spring-security-config-6.0.0.jar:/home/ayhan/.m2/repository/org/springframework/security/spring-security-web/6.0.0/spring-security-web-6.0.0.jar:/home/ayhan/.m2/repository/org/springframework/boot/spring-boot-starter-oauth2-client/3.0.0/spring-boot-starter-oauth2-client-3.0.0.jar:/home/ayhan/.m2/repository/org/springframework/security/spring-security-core/6.0.0/spring-security-core-6.0.0.jar:/home/ayhan/.m2/repository/org/springframework/security/spring-security-crypto/6.0.0/spring-security-crypto-6.0.0.jar:/home/ayhan/.m2/repository/org/springframework/security/spring-security-oauth2-client/6.0.0/spring-security-oauth2-client-6.0.0.jar:/home/ayhan/.m2/repository/org/springframework/security/spring-security-oauth2-core/6.0.0/spring-security-oauth2-core-6.0.0.jar:/home/ayhan/.m2/repository/com/nimbusds/oauth2-oidc-sdk/9.43.1/oauth2-oidc-sdk-9.43.1.jar:/home/ayhan/.m2/repository/com/github/stephenc/jcip/jcip-annotations/1.0-1/jcip-annotations-1.0-1.jar:/home/ayhan/.m2/repository/com/nimbusds/content-type/2.2/content-type-2.2.jar:/home/ayhan/.m2/repository/com/nimbusds/lang-tag/1.7/lang-tag-1.7.jar:/home/ayhan/.m2/repository/org/springframework/security/spring-security-oauth2-jose/6.0.0/spring-security-oauth2-jose-6.0.0.jar:/home/ayhan/.m2/repository/com/nimbusds/nimbus-jose-jwt/9.24.4/nimbus-jose-jwt-9.24.4.jar:/home/ayhan/.m2/repository/org/springframework/boot/spring-boot-starter-oauth2-resource-server/3.0.0/spring-boot-starter-oauth2-resource-server-3.0.0.jar:/home/ayhan/.m2/repository/org/springframework/security/spring-security-oauth2-resource-server/6.0.0/spring-security-oauth2-resource-server-6.0.0.jar:/home/ayhan/.m2/repository/org/springframework/boot/spring-boot-starter-validation/3.0.0/spring-boot-starter-validation-3.0.0.jar:/home/ayhan/.m2/repository/org/apache/tomcat/embed/tomcat-embed-el/10.1.1/tomcat-embed-el-10.1.1.jar:/home/ayhan/.m2/repository/org/hibernate/validator/hibernate-validator/8.0.0.Final/hibernate-validator-8.0.0.Final.jar:/home/ayhan/.m2/repository/jakarta/validation/jakarta.validation-api/3.0.2/jakarta.validation-api-3.0.2.jar:/home/ayhan/.m2/repository/org/flywaydb/flyway-core/9.10.1/flyway-core-9.10.1.jar:/home/ayhan/.m2/repository/com/fasterxml/jackson/dataformat/jackson-dataformat-toml/2.14.1/jackson-dataformat-toml-2.14.1.jar:/home/ayhan/.m2/repository/com/fasterxml/jackson/core/jackson-core/2.14.1/jackson-core-2.14.1.jar:/home/ayhan/.m2/repository/com/google/cloud/google-cloud-secretmanager/2.3.10/google-cloud-secretmanager-2.3.10.jar:/home/ayhan/.m2/repository/io/grpc/grpc-api/1.49.2/grpc-api-1.49.2.jar:/home/ayhan/.m2/repository/io/grpc/grpc-context/1.49.2/grpc-context-1.49.2.jar:/home/ayhan/.m2/repository/com/google/code/findbugs/jsr305/3.0.2/jsr305-3.0.2.jar:/home/ayhan/.m2/repository/com/google/errorprone/error_prone_annotations/2.15.0/error_prone_annotations-2.15.0.jar:/home/ayhan/.m2/repository/io/grpc/grpc-stub/1.49.2/grpc-stub-1.49.2.jar:/home/ayhan/.m2/repository/io/grpc/grpc-protobuf/1.49.2/grpc-protobuf-1.49.2.jar:/home/ayhan/.m2/repository/io/grpc/grpc-protobuf-lite/1.49.2/grpc-protobuf-lite-1.49.2.jar:/home/ayhan/.m2/repository/com/google/api/api-common/2.2.1/api-common-2.2.1.jar:/home/ayhan/.m2/repository/javax/annotation/javax.annotation-api/1.3.2/javax.annotation-api-1.3.2.jar:/home/ayhan/.m2/repository/com/google/auto/value/auto-value-annotations/1.9/auto-value-annotations-1.9.jar:/home/ayhan/.m2/repository/com/google/protobuf/protobuf-java/3.21.7/protobuf-java-3.21.7.jar:/home/ayhan/.m2/repository/com/google/api/grpc/proto-google-common-protos/2.9.6/proto-google-common-protos-2.9.6.jar:/home/ayhan/.m2/repository/com/google/api/grpc/proto-google-iam-v1/1.6.2/proto-google-iam-v1-1.6.2.jar:/home/ayhan/.m2/repository/com/google/api/grpc/proto-google-cloud-secretmanager-v1/2.3.10/proto-google-cloud-secretmanager-v1-2.3.10.jar:/home/ayhan/.m2/repository/com/google/api/grpc/proto-google-cloud-secretmanager-v1beta1/2.3.10/proto-google-cloud-secretmanager-v1beta1-2.3.10.jar:/home/ayhan/.m2/repository/com/google/guava/guava/31.1-jre/guava-31.1-jre.jar:/home/ayhan/.m2/repository/com/google/guava/failureaccess/1.0.1/failureaccess-1.0.1.jar:/home/ayhan/.m2/repository/com/google/guava/listenablefuture/9999.0-empty-to-avoid-conflict-with-guava/listenablefuture-9999.0-empty-to-avoid-conflict-with-guava.jar:/home/ayhan/.m2/repository/com/google/j2objc/j2objc-annotations/1.3/j2objc-annotations-1.3.jar:/home/ayhan/.m2/repository/com/google/api/gax/2.19.2/gax-2.19.2.jar:/home/ayhan/.m2/repository/com/google/auth/google-auth-library-credentials/1.11.0/google-auth-library-credentials-1.11.0.jar:/home/ayhan/.m2/repository/com/google/auth/google-auth-library-oauth2-http/1.11.0/google-auth-library-oauth2-http-1.11.0.jar:/home/ayhan/.m2/repository/com/google/api/gax-grpc/2.19.2/gax-grpc-2.19.2.jar:/home/ayhan/.m2/repository/io/grpc/grpc-alts/1.49.2/grpc-alts-1.49.2.jar:/home/ayhan/.m2/repository/io/grpc/grpc-grpclb/1.49.2/grpc-grpclb-1.49.2.jar:/home/ayhan/.m2/repository/org/conscrypt/conscrypt-openjdk-uber/2.5.2/conscrypt-openjdk-uber-2.5.2.jar:/home/ayhan/.m2/repository/io/grpc/grpc-auth/1.49.2/grpc-auth-1.49.2.jar:/home/ayhan/.m2/repository/io/grpc/grpc-netty-shaded/1.49.2/grpc-netty-shaded-1.49.2.jar:/home/ayhan/.m2/repository/io/perfmark/perfmark-api/0.25.0/perfmark-api-0.25.0.jar:/home/ayhan/.m2/repository/io/grpc/grpc-core/1.49.2/grpc-core-1.49.2.jar:/home/ayhan/.m2/repository/com/google/android/annotations/4.1.1.4/annotations-4.1.1.4.jar:/home/ayhan/.m2/repository/org/codehaus/mojo/animal-sniffer-annotations/1.22/animal-sniffer-annotations-1.22.jar:/home/ayhan/.m2/repository/io/grpc/grpc-googleapis/1.49.2/grpc-googleapis-1.49.2.jar:/home/ayhan/.m2/repository/io/grpc/grpc-xds/1.49.2/grpc-xds-1.49.2.jar:/home/ayhan/.m2/repository/io/opencensus/opencensus-proto/0.2.0/opencensus-proto-0.2.0.jar:/home/ayhan/.m2/repository/io/grpc/grpc-services/1.49.2/grpc-services-1.49.2.jar:/home/ayhan/.m2/repository/com/google/re2j/re2j/1.6/re2j-1.6.jar:/home/ayhan/.m2/repository/com/google/api/gax-httpjson/0.104.2/gax-httpjson-0.104.2.jar:/home/ayhan/.m2/repository/com/google/code/gson/gson/2.9.1/gson-2.9.1.jar:/home/ayhan/.m2/repository/com/google/http-client/google-http-client/1.42.2/google-http-client-1.42.2.jar:/home/ayhan/.m2/repository/org/apache/httpcomponents/httpclient/4.5.13/httpclient-4.5.13.jar:/home/ayhan/.m2/repository/commons-logging/commons-logging/1.2/commons-logging-1.2.jar:/home/ayhan/.m2/repository/commons-codec/commons-codec/1.15/commons-codec-1.15.jar:/home/ayhan/.m2/repository/org/apache/httpcomponents/httpcore/4.4.15/httpcore-4.4.15.jar:/home/ayhan/.m2/repository/io/opencensus/opencensus-api/0.31.1/opencensus-api-0.31.1.jar:/home/ayhan/.m2/repository/io/opencensus/opencensus-contrib-http-util/0.31.1/opencensus-contrib-http-util-0.31.1.jar:/home/ayhan/.m2/repository/com/google/http-client/google-http-client-gson/1.42.2/google-http-client-gson-1.42.2.jar:/home/ayhan/.m2/repository/com/google/protobuf/protobuf-java-util/3.21.7/protobuf-java-util-3.21.7.jar:/home/ayhan/.m2/repository/org/threeten/threetenbp/1.6.2/threetenbp-1.6.2.jar:/home/ayhan/.m2/repository/org/projectlombok/lombok/1.18.24/lombok-1.18.24.jar:/home/ayhan/.m2/repository/org/springframework/boot/spring-boot-starter-test/3.0.0/spring-boot-starter-test-3.0.0.jar:/home/ayhan/.m2/repository/org/springframework/boot/spring-boot-test/3.0.0/spring-boot-test-3.0.0.jar:/home/ayhan/.m2/repository/org/springframework/boot/spring-boot-test-autoconfigure/3.0.0/spring-boot-test-autoconfigure-3.0.0.jar:/home/ayhan/.m2/repository/com/jayway/jsonpath/json-path/2.7.0/json-path-2.7.0.jar:/home/ayhan/.m2/repository/net/minidev/json-smart/2.4.8/json-smart-2.4.8.jar:/home/ayhan/.m2/repository/net/minidev/accessors-smart/2.4.8/accessors-smart-2.4.8.jar:/home/ayhan/.m2/repository/org/ow2/asm/asm/9.1/asm-9.1.jar:/home/ayhan/.m2/repository/jakarta/xml/bind/jakarta.xml.bind-api/4.0.0/jakarta.xml.bind-api-4.0.0.jar:/home/ayhan/.m2/repository/jakarta/activation/jakarta.activation-api/2.1.0/jakarta.activation-api-2.1.0.jar:/home/ayhan/.m2/repository/org/assertj/assertj-core/3.23.1/assertj-core-3.23.1.jar:/home/ayhan/.m2/repository/org/hamcrest/hamcrest/2.2/hamcrest-2.2.jar:/home/ayhan/.m2/repository/org/junit/jupiter/junit-jupiter/5.9.1/junit-jupiter-5.9.1.jar:/home/ayhan/.m2/repository/org/junit/jupiter/junit-jupiter-api/5.9.1/junit-jupiter-api-5.9.1.jar:/home/ayhan/.m2/repository/org/opentest4j/opentest4j/1.2.0/opentest4j-1.2.0.jar:/home/ayhan/.m2/repository/org/junit/platform/junit-platform-commons/1.9.1/junit-platform-commons-1.9.1.jar:/home/ayhan/.m2/repository/org/apiguardian/apiguardian-api/1.1.2/apiguardian-api-1.1.2.jar:/home/ayhan/.m2/repository/org/junit/jupiter/junit-jupiter-params/5.9.1/junit-jupiter-params-5.9.1.jar:/home/ayhan/.m2/repository/org/junit/jupiter/junit-jupiter-engine/5.9.1/junit-jupiter-engine-5.9.1.jar:/home/ayhan/.m2/repository/org/junit/platform/junit-platform-engine/1.9.1/junit-platform-engine-1.9.1.jar:/home/ayhan/.m2/repository/org/mockito/mockito-core/4.8.1/mockito-core-4.8.1.jar:/home/ayhan/.m2/repository/net/bytebuddy/byte-buddy-agent/1.12.19/byte-buddy-agent-1.12.19.jar:/home/ayhan/.m2/repository/org/objenesis/objenesis/3.2/objenesis-3.2.jar:/home/ayhan/.m2/repository/org/mockito/mockito-junit-jupiter/4.8.1/mockito-junit-jupiter-4.8.1.jar:/home/ayhan/.m2/repository/org/skyscreamer/jsonassert/1.5.1/jsonassert-1.5.1.jar:/home/ayhan/.m2/repository/com/vaadin/external/google/android-json/0.0.20131108.vaadin1/android-json-0.0.20131108.vaadin1.jar:/home/ayhan/.m2/repository/org/springframework/spring-core/6.0.2/spring-core-6.0.2.jar:/home/ayhan/.m2/repository/org/springframework/spring-jcl/6.0.2/spring-jcl-6.0.2.jar:/home/ayhan/.m2/repository/org/springframework/spring-test/6.0.2/spring-test-6.0.2.jar:/home/ayhan/.m2/repository/org/xmlunit/xmlunit-core/2.9.0/xmlunit-core-2.9.0.jar:/home/ayhan/.m2/repository/org/springframework/security/spring-security-test/6.0.0/spring-security-test-6.0.0.jar:/home/ayhan/.m2/repository/com/h2database/h2/2.1.214/h2-2.1.214.jar:"/>
    <property name="sun.cpu.endian" value="little"/>
    <property name="user.home" value="/home/ayhan"/>
    <property name="user.language" value="en"/>
    <property name="java.specification.vendor" value="Oracle Corporation"/>
    <property name="java.version.date" value="2022-10-18"/>
    <property name="java.home" value="/home/ayhan/.sdkman/candidates/java/17.0.5-oracle"/>
    <property name="file.separator" value="/"/>
    <property name="basedir" value="/home/ayhan/projects/others/Jobs/io/knowledge"/>
    <property name="java.vm.compressedOopsMode" value="Zero based"/>
    <property name="line.separator" value="&#10;"/>
    <property name="java.vm.specification.vendor" value="Oracle Corporation"/>
    <property name="java.specification.name" value="Java Platform API Specification"/>
    <property name="surefire.real.class.path" value="/home/ayhan/projects/others/Jobs/io/knowledge/target/surefire/surefirebooter9109822126152883705.jar"/>
    <property name="sun.management.compiler" value="HotSpot 64-Bit Tiered Compilers"/>
    <property name="java.runtime.version" value="17.0.5+9-LTS-191"/>
    <property name="user.name" value="ayhan"/>
    <property name="path.separator" value=":"/>
    <property name="os.version" value="5.19.0-32-generic"/>
    <property name="java.runtime.name" value="Java(TM) SE Runtime Environment"/>
    <property name="file.encoding" value="UTF-8"/>
    <property name="java.vm.name" value="Java HotSpot(TM) 64-Bit Server VM"/>
    <property name="localRepository" value="/home/ayhan/.m2/repository"/>
    <property name="java.vendor.url.bug" value="https://bugreport.java.com/bugreport/"/>
    <property name="java.io.tmpdir" value="/tmp"/>
    <property name="java.version" value="17.0.5"/>
    <property name="user.dir" value="/home/ayhan/projects/others/Jobs/io/knowledge"/>
    <property name="os.arch" value="amd64"/>
    <property name="java.vm.specification.name" value="Java Virtual Machine Specification"/>
    <property name="native.encoding" value="UTF-8"/>
    <property name="java.library.path" value="/usr/java/packages/lib:/usr/lib64:/lib64:/lib:/usr/lib"/>
    <property name="java.vm.info" value="mixed mode, sharing"/>
    <property name="java.vendor" value="Oracle Corporation"/>
    <property name="java.vm.version" value="17.0.5+9-LTS-191"/>
    <property name="sun.io.unicode.encoding" value="UnicodeLittle"/>
    <property name="java.class.version" value="61.0"/>
  </properties>
  <testcase name="update_WithValidData_Success" classname="io.intake.ayhan.knowledge.KnowledgeServiceTest" time="0.057"/>
  <testcase name="delete_WithValidId_Success" classname="io.intake.ayhan.knowledge.KnowledgeServiceTest" time="0.001"/>
  <testcase name="create_WithValidData_Success" classname="io.intake.ayhan.knowledge.KnowledgeServiceTest" time="0.001"/>
</testsuite>